2013-07-31 04:39:10 INFO  Slf4jEventHandler:78 - Slf4jEventHandler started
2013-07-31 04:39:13 INFO  voldCoordinator:72 - Starting voldCoordinator (Voldemort Coordinator) instance hashcode # 30275147
2013-07-31 04:39:13 INFO  voldCoordinator:72 - Configuring voldCoordinator (Voldemort Coordinator) child actors hashcode # 30275147
2013-07-31 04:39:14 INFO  deleteActor:72 - Starting deleteActor (deleteActor under voldCoordinator) instance hashcode # 28650205
2013-07-31 04:39:14 INFO  deleteActor:72 - Starting deleteActor (deleteActor under voldCoordinator) instance hashcode # 21653254
2013-07-31 04:39:14 INFO  getActor:72 - Starting getActor (getActor under voldCoordinator) instance hashcode # 29092662
2013-07-31 04:39:14 INFO  getActor:72 - Starting getActor (getActor under voldCoordinator) instance hashcode # 16398083
2013-07-31 04:39:15 INFO  putActor:72 - Starting putActor (putActor under voldCoordinator) instance hashcode # 8890802
2013-07-31 04:39:15 INFO  putActor:72 - Starting putActor (putActor under voldCoordinator) instance hashcode # 30607282
2013-07-31 04:39:18 INFO  DefaultStoreClient:89 - Bootstrapping metadata for store test
2013-07-31 04:39:18 INFO  AbstractStoreClientFactory:197 - Client zone-id [0] Attempting to obtain metadata for store [test] 
2013-07-31 04:39:18 INFO  AbstractStoreClientFactory:362 - Failure detector is null. Creating a new FD.
2013-07-31 04:39:19 INFO  masterMessagingActor:72 - Starting masterMessagingActor (Message Master) instance hashcode # 5320604
2013-07-31 04:39:19 INFO  masterMessagingActor:72 - Configuring masterMessagingActor (Message Master) child actors hashcode # 5320604
2013-07-31 04:39:19 INFO  masterRouterActor:72 - Starting masterMessagingActor (Message Master) instance hashcode # 23641588
2013-07-31 04:39:19 INFO  masterRouterActor:72 - Configuring masterMessagingActor (Message Master) child actors hashcode # 23641588
2013-07-31 04:39:19 INFO  masterMessagingActor$$anonfun$3$$anon$1:72 - Starting topicManagementWorkActor (topicManagementWorkActor under masterMessagingActor) instance hashcode # 24388313
2013-07-31 04:39:19 INFO  masterRouterActor$$anonfun$3$$anon$1:72 - Starting adminWorkerActor (adminWorkerActor under masterRouterActor) instance hashcode # 804026
2013-07-31 04:39:19 INFO  subscriptionManagerActor:72 - Starting subscriptionManagerActor (subscriptionManagerActor under masterMessagingActor) instance hashcode # 450174
2013-07-31 04:39:20 INFO  topicManagerActor:72 - Starting topicManagerActor (topicManagerActor under masterMessagingActor) instance hashcode # 22471029
2013-07-31 04:39:20 INFO  broadcasterManagerActor:72 - Starting broadcasterManagerActor (broadcasterManagerActor under masterMessagingActor) instance hashcode # 7433708
2013-07-31 04:39:20 INFO  routerActor:72 - Starting routerActor (routerActor under masterRouterActor) instance hashcode # 14077643
2013-07-31 04:39:20 INFO  routerDispatcherActor:72 - Starting routerDispatcherActor (routerDispatcherActor under masterRouterActor) instance hashcode # 16011891
2013-07-31 04:39:20 INFO  routerDispatcherActor:72 - Initialising routerDispatcherActor child actors: forwardDecoderActor & workerManagerActor. Hashcode # 16011891
2013-07-31 04:39:20 INFO  forwardDecoderActor:72 - Starting forwardDecoderActor (forwardDecoderActor under routerDispatcherActor) instance hashcode # 28014584
2013-07-31 04:39:20 INFO  workerManagerActor:72 - Starting workerManagerActor (workerManagerActor under routerDispatcherActor) instance hashcode # 8038552
2013-07-31 04:39:20 INFO  forwardResultActor:72 - Starting forwardResultActor (forwardResultActor under forwardDecoderActor) instance hashcode # 28987791
2013-07-31 04:39:20 INFO  WebServer:139 - Socko server 'WebServer' started on 0.0.0.0:8888
2013-07-31 04:47:11 ERROR RequestHandler:184 - Exception caught in HttpRequestHandler
java.io.IOException: Broken pipe
	at sun.nio.ch.FileDispatcherImpl.write0(Native Method)
	at sun.nio.ch.SocketDispatcher.write(SocketDispatcher.java:47)
	at sun.nio.ch.IOUtil.writeFromNativeBuffer(IOUtil.java:94)
	at sun.nio.ch.IOUtil.write(IOUtil.java:51)
	at sun.nio.ch.SocketChannelImpl.write(SocketChannelImpl.java:450)
	at org.jboss.netty.channel.socket.nio.SocketSendBufferPool$UnpooledSendBuffer.transferTo(SocketSendBufferPool.java:203)
	at org.jboss.netty.channel.socket.nio.AbstractNioWorker.write0(AbstractNioWorker.java:198)
	at org.jboss.netty.channel.socket.nio.AbstractNioWorker.writeFromUserCode(AbstractNioWorker.java:145)
	at org.jboss.netty.channel.socket.nio.NioServerSocketPipelineSink.handleAcceptedSocket(NioServerSocketPipelineSink.java:99)
	at org.jboss.netty.channel.socket.nio.NioServerSocketPipelineSink.eventSunk(NioServerSocketPipelineSink.java:36)
	at org.jboss.netty.channel.Channels.write(Channels.java:725)
	at org.jboss.netty.channel.Channels.write(Channels.java:686)
	at org.jboss.netty.handler.ssl.SslHandler.wrapNonAppData(SslHandler.java:1154)
	at org.jboss.netty.handler.ssl.SslHandler.unwrap(SslHandler.java:1247)
	at org.jboss.netty.handler.ssl.SslHandler.decode(SslHandler.java:914)
	at org.jboss.netty.handler.codec.frame.FrameDecoder.callDecode(FrameDecoder.java:425)
	at org.jboss.netty.handler.codec.frame.FrameDecoder.messageReceived(FrameDecoder.java:303)
	at org.jboss.netty.channel.Channels.fireMessageReceived(Channels.java:268)
	at org.jboss.netty.channel.Channels.fireMessageReceived(Channels.java:255)
	at org.jboss.netty.channel.socket.nio.NioWorker.read(NioWorker.java:88)
	at org.jboss.netty.channel.socket.nio.AbstractNioWorker.process(AbstractNioWorker.java:107)
	at org.jboss.netty.channel.socket.nio.AbstractNioSelector.run(AbstractNioSelector.java:312)
	at org.jboss.netty.channel.socket.nio.AbstractNioWorker.run(AbstractNioWorker.java:88)
	at org.jboss.netty.channel.socket.nio.NioWorker.run(NioWorker.java:178)
	at java.util.concurrent.ThreadPoolExecutor.runWorker(ThreadPoolExecutor.java:1110)
	at java.util.concurrent.ThreadPoolExecutor$Worker.run(ThreadPoolExecutor.java:603)
	at java.lang.Thread.run(Thread.java:722)
2013-07-31 04:47:11 ERROR RequestHandler:184 - Exception caught in HttpRequestHandler
java.io.IOException: Connection reset by peer
	at sun.nio.ch.FileDispatcherImpl.write0(Native Method)
	at sun.nio.ch.SocketDispatcher.write(SocketDispatcher.java:47)
	at sun.nio.ch.IOUtil.writeFromNativeBuffer(IOUtil.java:94)
	at sun.nio.ch.IOUtil.write(IOUtil.java:51)
	at sun.nio.ch.SocketChannelImpl.write(SocketChannelImpl.java:450)
	at org.jboss.netty.channel.socket.nio.SocketSendBufferPool$UnpooledSendBuffer.transferTo(SocketSendBufferPool.java:203)
	at org.jboss.netty.channel.socket.nio.AbstractNioWorker.write0(AbstractNioWorker.java:198)
	at org.jboss.netty.channel.socket.nio.AbstractNioWorker.writeFromUserCode(AbstractNioWorker.java:145)
	at org.jboss.netty.channel.socket.nio.NioServerSocketPipelineSink.handleAcceptedSocket(NioServerSocketPipelineSink.java:99)
	at org.jboss.netty.channel.socket.nio.NioServerSocketPipelineSink.eventSunk(NioServerSocketPipelineSink.java:36)
	at org.jboss.netty.channel.Channels.write(Channels.java:725)
	at org.jboss.netty.channel.Channels.write(Channels.java:686)
	at org.jboss.netty.handler.ssl.SslHandler.wrapNonAppData(SslHandler.java:1154)
	at org.jboss.netty.handler.ssl.SslHandler.unwrap(SslHandler.java:1247)
	at org.jboss.netty.handler.ssl.SslHandler.decode(SslHandler.java:914)
	at org.jboss.netty.handler.codec.frame.FrameDecoder.callDecode(FrameDecoder.java:425)
	at org.jboss.netty.handler.codec.frame.FrameDecoder.messageReceived(FrameDecoder.java:303)
	at org.jboss.netty.channel.Channels.fireMessageReceived(Channels.java:268)
	at org.jboss.netty.channel.Channels.fireMessageReceived(Channels.java:255)
	at org.jboss.netty.channel.socket.nio.NioWorker.read(NioWorker.java:88)
	at org.jboss.netty.channel.socket.nio.AbstractNioWorker.process(AbstractNioWorker.java:107)
	at org.jboss.netty.channel.socket.nio.AbstractNioSelector.run(AbstractNioSelector.java:312)
	at org.jboss.netty.channel.socket.nio.AbstractNioWorker.run(AbstractNioWorker.java:88)
	at org.jboss.netty.channel.socket.nio.NioWorker.run(NioWorker.java:178)
	at java.util.concurrent.ThreadPoolExecutor.runWorker(ThreadPoolExecutor.java:1110)
	at java.util.concurrent.ThreadPoolExecutor$Worker.run(ThreadPoolExecutor.java:603)
	at java.lang.Thread.run(Thread.java:722)
2013-07-31 04:47:11 ERROR RequestHandler:184 - Exception caught in HttpRequestHandler
java.nio.channels.ClosedChannelException
	at org.jboss.netty.channel.socket.nio.AbstractNioWorker.cleanUpWriteBuffer(AbstractNioWorker.java:409)
	at org.jboss.netty.channel.socket.nio.AbstractNioWorker.close(AbstractNioWorker.java:349)
	at org.jboss.netty.channel.socket.nio.AbstractNioWorker.write0(AbstractNioWorker.java:254)
	at org.jboss.netty.channel.socket.nio.AbstractNioWorker.writeFromUserCode(AbstractNioWorker.java:145)
	at org.jboss.netty.channel.socket.nio.NioServerSocketPipelineSink.handleAcceptedSocket(NioServerSocketPipelineSink.java:99)
	at org.jboss.netty.channel.socket.nio.NioServerSocketPipelineSink.eventSunk(NioServerSocketPipelineSink.java:36)
	at org.jboss.netty.channel.Channels.write(Channels.java:725)
	at org.jboss.netty.channel.Channels.write(Channels.java:686)
	at org.jboss.netty.handler.ssl.SslHandler.wrapNonAppData(SslHandler.java:1154)
	at org.jboss.netty.handler.ssl.SslHandler.unwrap(SslHandler.java:1247)
	at org.jboss.netty.handler.ssl.SslHandler.decode(SslHandler.java:914)
	at org.jboss.netty.handler.codec.frame.FrameDecoder.callDecode(FrameDecoder.java:425)
	at org.jboss.netty.handler.codec.frame.FrameDecoder.messageReceived(FrameDecoder.java:303)
	at org.jboss.netty.channel.Channels.fireMessageReceived(Channels.java:268)
	at org.jboss.netty.channel.Channels.fireMessageReceived(Channels.java:255)
	at org.jboss.netty.channel.socket.nio.NioWorker.read(NioWorker.java:88)
	at org.jboss.netty.channel.socket.nio.AbstractNioWorker.process(AbstractNioWorker.java:107)
	at org.jboss.netty.channel.socket.nio.AbstractNioSelector.run(AbstractNioSelector.java:312)
	at org.jboss.netty.channel.socket.nio.AbstractNioWorker.run(AbstractNioWorker.java:88)
	at org.jboss.netty.channel.socket.nio.NioWorker.run(NioWorker.java:178)
	at java.util.concurrent.ThreadPoolExecutor.runWorker(ThreadPoolExecutor.java:1110)
	at java.util.concurrent.ThreadPoolExecutor$Worker.run(ThreadPoolExecutor.java:603)
	at java.lang.Thread.run(Thread.java:722)
2013-07-31 04:47:11 ERROR RequestHandler:184 - Exception caught in HttpRequestHandler
java.nio.channels.ClosedChannelException
	at org.jboss.netty.channel.socket.nio.AbstractNioWorker.cleanUpWriteBuffer(AbstractNioWorker.java:409)
	at org.jboss.netty.channel.socket.nio.AbstractNioWorker.close(AbstractNioWorker.java:349)
	at org.jboss.netty.channel.socket.nio.AbstractNioWorker.write0(AbstractNioWorker.java:254)
	at org.jboss.netty.channel.socket.nio.AbstractNioWorker.writeFromUserCode(AbstractNioWorker.java:145)
	at org.jboss.netty.channel.socket.nio.NioServerSocketPipelineSink.handleAcceptedSocket(NioServerSocketPipelineSink.java:99)
	at org.jboss.netty.channel.socket.nio.NioServerSocketPipelineSink.eventSunk(NioServerSocketPipelineSink.java:36)
	at org.jboss.netty.channel.Channels.write(Channels.java:725)
	at org.jboss.netty.channel.Channels.write(Channels.java:686)
	at org.jboss.netty.handler.ssl.SslHandler.wrapNonAppData(SslHandler.java:1154)
	at org.jboss.netty.handler.ssl.SslHandler.unwrap(SslHandler.java:1247)
	at org.jboss.netty.handler.ssl.SslHandler.decode(SslHandler.java:914)
	at org.jboss.netty.handler.codec.frame.FrameDecoder.callDecode(FrameDecoder.java:425)
	at org.jboss.netty.handler.codec.frame.FrameDecoder.messageReceived(FrameDecoder.java:303)
	at org.jboss.netty.channel.Channels.fireMessageReceived(Channels.java:268)
	at org.jboss.netty.channel.Channels.fireMessageReceived(Channels.java:255)
	at org.jboss.netty.channel.socket.nio.NioWorker.read(NioWorker.java:88)
	at org.jboss.netty.channel.socket.nio.AbstractNioWorker.process(AbstractNioWorker.java:107)
	at org.jboss.netty.channel.socket.nio.AbstractNioSelector.run(AbstractNioSelector.java:312)
	at org.jboss.netty.channel.socket.nio.AbstractNioWorker.run(AbstractNioWorker.java:88)
	at org.jboss.netty.channel.socket.nio.NioWorker.run(NioWorker.java:178)
	at java.util.concurrent.ThreadPoolExecutor.runWorker(ThreadPoolExecutor.java:1110)
	at java.util.concurrent.ThreadPoolExecutor$Worker.run(ThreadPoolExecutor.java:603)
	at java.lang.Thread.run(Thread.java:722)
2013-07-31 04:47:17 INFO  WebLogWriter:72 - 0:0:0:0:0:0:0:1 - - [31/Jul/2013:02:47:17 +0000] "GET /html HTTP/1.1" 200 48
2013-07-31 04:47:18 INFO  WebLogWriter:72 - 0:0:0:0:0:0:0:1 - - [31/Jul/2013:02:47:18 +0000] "GET /favicon.ico HTTP/1.1" 404 0
2013-07-31 04:48:01 INFO  WebLogWriter:72 - 0:0:0:0:0:0:0:1 - - [31/Jul/2013:02:48:00 +0000] "GET /storage HTTP/1.1" 101 0
2013-07-31 04:48:01 INFO  WebLogWriter:72 - 0:0:0:0:0:0:0:1 - - [31/Jul/2013:02:48:00 +0000] "GET /topicmanagement HTTP/1.1" 101 0
2013-07-31 04:48:27 INFO  WebLogWriter:72 - 0:0:0:0:0:0:0:1 - - [31/Jul/2013:02:48:27 +0000] "GET /storage HTTP/1.1" 101 0
2013-07-31 04:48:27 INFO  WebLogWriter:72 - 0:0:0:0:0:0:0:1 - - [31/Jul/2013:02:48:27 +0000] "GET /topicmanagement HTTP/1.1" 101 0
